[2022-06-12 00:12:40] текст ошибки: 
        Class 'ishop\Router' not found | Файл: C:\OpenServer\domains\localhost\vendor\ishop\core\App.php Строка: 19
------------------
[2022-06-12 00:13:40] текст ошибки: 
        qweqweqwe | Файл: C:\OpenServer\domains\localhost\public\index.php Строка: 5
------------------
[2022-06-12 00:45:31] текст ошибки: 
        sdfsdfsdf | Файл: C:\OpenServer\domains\localhost\public\index.php Строка: 6
------------------
[2022-06-12 00:46:48] текст ошибки: 
        sdfsdfsdf | Файл: C:\OpenServer\domains\localhost\public\index.php Строка: 6
------------------
[2022-06-12 00:47:02] текст ошибки: 
        sdfsdfsdf | Файл: C:\OpenServer\domains\localhost\public\index.php Строка: 6
------------------
[2022-06-12 00:48:54] текст ошибки: 
        sdfsdfsdf | Файл: C:\OpenServer\domains\localhost\public\index.php Строка: 6
------------------
[2022-06-12 01:11:45] текст ошибки: 
        sdfsdfsdf | Файл: C:\OpenServer\domains\localhost\public\index.php Строка: 6
------------------
[2022-06-12 01:12:31] текст ошибки: 
        sdfsdfsdf | Файл: C:\OpenServer\domains\localhost\public\index.php Строка: 6
------------------
[2022-06-12 01:12:34] текст ошибки: 
        sdfsdfsdf | Файл: C:\OpenServer\domains\localhost\public\index.php Строка: 6
------------------
[2022-06-12 01:12:51] текст ошибки: 
        sdfsdfsdf | Файл: C:\OpenServer\domains\localhost\public\index.php Строка: 6
------------------
[2022-06-12 01:14:40] текст ошибки: 
        sdfsdfsdf | Файл: C:\OpenServer\domains\localhost\public\index.php Строка: 6
------------------
[2022-06-12 01:15:46] текст ошибки: 
        sdfsdfsdf | Файл: C:\OpenServer\domains\localhost\public\index.php Строка: 6
------------------
[2022-06-12 01:16:03] текст ошибки: 
        sdfsdfsdf | Файл: C:\OpenServer\domains\localhost\public\index.php Строка: 6
------------------
[2022-06-12 01:16:04] текст ошибки: 
        sdfsdfsdf | Файл: C:\OpenServer\domains\localhost\public\index.php Строка: 6
------------------
[2022-06-12 01:19:22] текст ошибки: 
        sdfsdfsdf | Файл: C:\OpenServer\domains\localhost\public\index.php Строка: 6
------------------
[2022-06-12 01:20:18] текст ошибки: 
        sdfsdfsdf | Файл: C:\OpenServer\domains\localhost\public\index.php Строка: 6
------------------
[2022-06-12 01:21:49] текст ошибки: 
        sdfsdfsdf | Файл: C:\OpenServer\domains\localhost\public\index.php Строка: 6
------------------
[2022-06-12 01:22:44] текст ошибки: 
        sdfsdfsdf | Файл: C:\OpenServer\domains\localhost\public\index.php Строка: 6
------------------
[2022-06-12 01:25:43] текст ошибки: 
        sdfsdfsdf | Файл: C:\OpenServer\domains\localhost\public\index.php Строка: 6
------------------
[2022-06-12 01:26:39] текст ошибки: 
        sdfsdfsdf | Файл: C:\OpenServer\domains\localhost\public\index.php Строка: 6
------------------
[2022-06-12 01:26:53] текст ошибки: 
        sdfsdfsdf | Файл: C:\OpenServer\domains\localhost\public\index.php Строка: 6
------------------
[2022-06-12 01:26:55] текст ошибки: 
        sdfsdfsdf | Файл: C:\OpenServer\domains\localhost\public\index.php Строка: 6
------------------
[2022-06-12 01:37:59] текст ошибки: 
        sdfsdfsdf | Файл: C:\OpenServer\domains\localhost\public\index.php Строка: 6
------------------
[2022-06-12 01:38:13] текст ошибки: 
        sdfsdfsdf | Файл: C:\OpenServer\domains\localhost\public\index.php Строка: 6
------------------
[2022-06-12 16:44:15] текст ошибки: 
        sdfsdfsdf | Файл: C:\OpenServer\domains\localhost\public\index.php Строка: 6
------------------
[2022-06-12 16:45:37] текст ошибки: 
        sdfsdfsdf | Файл: C:\OpenServer\domains\localhost\public\index.php Строка: 6
------------------
